# JRE version: OpenJDK Runtime Environment Microsoft-32931 (17.0.3+7) (build 17.0.3+7-LTS)
# Java VM: OpenJDK 64-Bit Server VM Microsoft-32931 (17.0.3+7-LTS, mixed mode, tiered, compressed oops, compressed class ptrs, g1 gc, windows-amd64)
GC Precious Log:
 CPUs: 12 total, 12 available
 Memory: 7963M
 Large Page Support: Disabled
 NUMA Support: Disabled
 Compressed Oops: Enabled (Zero based)
 Heap Region Size: 4M
 Heap Min Capacity: 256M
 Heap Initial Capacity: 256M
 Heap Max Capacity: 5000M
 Pre-touch: Disabled
 Parallel Workers: 10
 Concurrent Workers: 3
 Concurrent Refinement Workers: 10
 Periodic GC: Disabled
Heap:
 garbage-first heap   total 864256K, used 689162K [0x00000006c7800000, 0x0000000800000000)
  region size 4096K, 2 young (8192K), 2 survivors (8192K)
 Metaspace       used 166324K, committed 167680K, reserved 1196032K
  class space    used 22738K, committed 23360K, reserved 1048576K
GC Heap History (20 events):
Event: 60.612 GC heap after
{Heap after GC invocations=48 (full 0):
 garbage-first heap   total 827392K, used 368991K [0x00000006c7800000, 0x0000000800000000)
  region size 4096K, 1 young (4096K), 1 survivors (4096K)
 Metaspace       used 154323K, committed 155520K, reserved 1187840K
  class space    used 20823K, committed 21376K, reserved 1048576K
}
Event: 66.460 GC heap before
{Heap before GC invocations=49 (full 0):
 garbage-first heap   total 827392K, used 708959K [0x00000006c7800000, 0x0000000800000000)
  region size 4096K, 84 young (344064K), 1 survivors (4096K)
 Metaspace       used 154379K, committed 155584K, reserved 1187840K
  class space    used 20823K, committed 21376K, reserved 1048576K
}
Event: 66.462 GC heap after
{Heap after GC invocations=50 (full 0):
 garbage-first heap   total 827392K, used 368951K [0x00000006c7800000, 0x0000000800000000)
  region size 4096K, 1 young (4096K), 1 survivors (4096K)
 Metaspace       used 154379K, committed 155584K, reserved 1187840K
  class space    used 20823K, committed 21376K, reserved 1048576K
}
Event: 67.609 GC heap before
{Heap before GC invocations=50 (full 0):
 garbage-first heap   total 827392K, used 405815K [0x00000006c7800000, 0x0000000800000000)
  region size 4096K, 10 young (40960K), 1 survivors (4096K)
 Metaspace       used 154400K, committed 155584K, reserved 1187840K
  class space    used 20823K, committed 21376K, reserved 1048576K
}
Event: 67.626 GC heap after
{Heap after GC invocations=51 (full 0):
 garbage-first heap   total 827392K, used 362203K [0x00000006c7800000, 0x0000000800000000)
  region size 4096K, 1 young (4096K), 1 survivors (4096K)
 Metaspace       used 154400K, committed 155584K, reserved 1187840K
  class space    used 20823K, committed 21376K, reserved 1048576K
}
Event: 73.598 GC heap before
{Heap before GC invocations=51 (full 0):
 garbage-first heap   total 827392K, used 710363K [0x00000006c7800000, 0x0000000800000000)
  region size 4096K, 86 young (352256K), 1 survivors (4096K)
 Metaspace       used 156030K, committed 157184K, reserved 1187840K
  class space    used 21167K, committed 21696K, reserved 1048576K
}
Event: 73.601 GC heap after
{Heap after GC invocations=52 (full 0):
 garbage-first heap   total 827392K, used 363021K [0x00000006c7800000, 0x0000000800000000)
  region size 4096K, 1 young (4096K), 1 survivors (4096K)
 Metaspace       used 156030K, committed 157184K, reserved 1187840K
  class space    used 21167K, committed 21696K, reserved 1048576K
}
Event: 75.436 GC heap before
{Heap before GC invocations=52 (full 0):
 garbage-first heap   total 827392K, used 711181K [0x00000006c7800000, 0x0000000800000000)
  region size 4096K, 87 young (356352K), 1 survivors (4096K)
 Metaspace       used 160627K, committed 161920K, reserved 1196032K
  class space    used 22009K, committed 22656K, reserved 1048576K
}
Event: 75.456 GC heap after
{Heap after GC invocations=53 (full 0):
 garbage-first heap   total 827392K, used 381359K [0x00000006c7800000, 0x0000000800000000)
  region size 4096K, 5 young (20480K), 5 survivors (20480K)
 Metaspace       used 160627K, committed 161920K, reserved 1196032K
  class space    used 22009K, committed 22656K, reserved 1048576K
}
Event: 76.698 GC heap before
{Heap before GC invocations=53 (full 0):
 garbage-first heap   total 827392K, used 704943K [0x00000006c7800000, 0x0000000800000000)
  region size 4096K, 84 young (344064K), 5 survivors (20480K)
 Metaspace       used 163382K, committed 164736K, reserved 1196032K
  class space    used 22405K, committed 23040K, reserved 1048576K
}
Event: 76.720 GC heap after
{Heap after GC invocations=54 (full 0):
 garbage-first heap   total 827392K, used 383578K [0x00000006c7800000, 0x0000000800000000)
  region size 4096K, 6 young (24576K), 6 survivors (24576K)
 Metaspace       used 163382K, committed 164736K, reserved 1196032K
  class space    used 22405K, committed 23040K, reserved 1048576K
}
Event: 77.820 GC heap before
{Heap before GC invocations=55 (full 0):
 garbage-first heap   total 827392K, used 698970K [0x00000006c7800000, 0x0000000800000000)
  region size 4096K, 84 young (344064K), 6 survivors (24576K)
 Metaspace       used 166308K, committed 167680K, reserved 1196032K
  class space    used 22738K, committed 23360K, reserved 1048576K
}
Event: 77.978 GC heap after
{Heap after GC invocations=56 (full 0):
 garbage-first heap   total 864256K, used 519015K [0x00000006c7800000, 0x0000000800000000)
  region size 4096K, 11 young (45056K), 11 survivors (45056K)
 Metaspace       used 166308K, committed 167680K, reserved 1196032K
  class space    used 22738K, committed 23360K, reserved 1048576K
}
Event: 77.997 GC heap before
{Heap before GC invocations=56 (full 0):
 garbage-first heap   total 864256K, used 523111K [0x00000006c7800000, 0x0000000800000000)
  region size 4096K, 12 young (49152K), 11 survivors (45056K)
 Metaspace       used 166309K, committed 167680K, reserved 1196032K
  class space    used 22738K, committed 23360K, reserved 1048576K
}
Event: 78.049 GC heap after
{Heap after GC invocations=57 (full 0):
 garbage-first heap   total 864256K, used 527271K [0x00000006c7800000, 0x0000000800000000)
  region size 4096K, 2 young (8192K), 2 survivors (8192K)
 Metaspace       used 166309K, committed 167680K, reserved 1196032K
  class space    used 22738K, committed 23360K, reserved 1048576K
}
Event: 78.182 GC heap before
{Heap before GC invocations=57 (full 0):
 garbage-first heap   total 864256K, used 666535K [0x00000006c7800000, 0x0000000800000000)
  region size 4096K, 36 young (147456K), 2 survivors (8192K)
 Metaspace       used 166316K, committed 167680K, reserved 1196032K
  class space    used 22738K, committed 23360K, reserved 1048576K
}
Event: 78.259 GC heap after
{Heap after GC invocations=58 (full 0):
 garbage-first heap   total 864256K, used 604426K [0x00000006c7800000, 0x0000000800000000)
  region size 4096K, 5 young (20480K), 5 survivors (20480K)
 Metaspace       used 166316K, committed 167680K, reserved 1196032K
  class space    used 22738K, committed 23360K, reserved 1048576K
}
Event: 78.347 GC heap before
{Heap before GC invocations=58 (full 0):
 garbage-first heap   total 864256K, used 686346K [0x00000006c7800000, 0x0000000800000000)
  region size 4096K, 25 young (102400K), 5 survivors (20480K)
 Metaspace       used 166321K, committed 167680K, reserved 1196032K
  class space    used 22738K, committed 23360K, reserved 1048576K
}
Event: 78.411 GC heap after
{Heap after GC invocations=59 (full 0):
 garbage-first heap   total 864256K, used 656543K [0x00000006c7800000, 0x0000000800000000)
  region size 4096K, 4 young (16384K), 4 survivors (16384K)
 Metaspace       used 166321K, committed 167680K, reserved 1196032K
  class space    used 22738K, committed 23360K, reserved 1048576K
}
Event: 78.466 GC heap before
{Heap before GC invocations=59 (full 0):
 garbage-first heap   total 864256K, used 705695K [0x00000006c7800000, 0x0000000800000000)
  region size 4096K, 16 young (65536K), 4 survivors (16384K)
 Metaspace       used 166324K, committed 167680K, reserved 1196032K
  class space    used 22738K, committed 23360K, reserved 1048576K
}

